# JRE version: OpenJDK Runtime Environment (8.0_212-b04) (build 1.8.0_212-release-1586-b04)
# Java VM: OpenJDK 64-Bit Server VM (25.212-b04 mixed mode windows-amd64 compressed oops)
Heap:
 PSYoungGen      total 231936K, used 91260K [0x00000000e0000000, 0x00000000f0400000, 0x0000000100000000)
  eden space 215040K, 42% used [0x00000000e0000000,0x00000000e591f110,0x00000000ed200000)
  from space 16896K, 0% used [0x00000000ef380000,0x00000000ef380000,0x00000000f0400000)
  to   space 25600K, 0% used [0x00000000ed200000,0x00000000ed200000,0x00000000eeb00000)
 ParOldGen       total 212480K, used 49463K [0x00000000a0000000, 0x00000000acf80000, 0x00000000e0000000)
  object space 212480K, 23% used [0x00000000a0000000,0x00000000a304dc80,0x00000000acf80000)
 Metaspace       used 93089K, capacity 97748K, committed 98752K, reserved 1134592K
  class space    used 12103K, capacity 13017K, committed 13272K, reserved 1048576K
GC Heap History (10 events):
Event: 218.093 GC heap before
{Heap before GC invocations=20 (full 3):
 PSYoungGen      total 238592K, used 238588K [0x00000000e0000000, 0x00000000f0780000, 0x0000000100000000)
  eden space 215552K, 100% used [0x00000000e0000000,0x00000000ed280000,0x00000000ed280000)
  from space 23040K, 99% used [0x00000000eee00000,0x00000000f047f058,0x00000000f0480000)
  to   space 27136K, 0% used [0x00000000ed280000,0x00000000ed280000,0x00000000eed00000)
 ParOldGen       total 141824K, used 51264K [0x00000000a0000000, 0x00000000a8a80000, 0x00000000e0000000)
  object space 141824K, 36% used [0x00000000a0000000,0x00000000a3210308,0x00000000a8a80000)
 Metaspace       used 89602K, capacity 94313K, committed 94552K, reserved 1130496K
  class space    used 11874K, capacity 12761K, committed 12888K, reserved 1048576K
Event: 218.124 GC heap after
Heap after GC invocations=20 (full 3):
 PSYoungGen      total 242688K, used 17968K [0x00000000e0000000, 0x00000000f1880000, 0x0000000100000000)
  eden space 215552K, 0% used [0x00000000e0000000,0x00000000e0000000,0x00000000ed280000)
  from space 27136K, 66% used [0x00000000ed280000,0x00000000ee40c168,0x00000000eed00000)
  to   space 27648K, 0% used [0x00000000efd80000,0x00000000efd80000,0x00000000f1880000)
 ParOldGen       total 141824K, used 59940K [0x00000000a0000000, 0x00000000a8a80000, 0x00000000e0000000)
  object space 141824K, 42% used [0x00000000a0000000,0x00000000a3a89158,0x00000000a8a80000)
 Metaspace       used 89602K, capacity 94313K, committed 94552K, reserved 1130496K
  class space    used 11874K, capacity 12761K, committed 12888K, reserved 1048576K
}
Event: 220.311 GC heap before
{Heap before GC invocations=21 (full 3):
 PSYoungGen      total 242688K, used 233520K [0x00000000e0000000, 0x00000000f1880000, 0x0000000100000000)
  eden space 215552K, 100% used [0x00000000e0000000,0x00000000ed280000,0x00000000ed280000)
  from space 27136K, 66% used [0x00000000ed280000,0x00000000ee40c168,0x00000000eed00000)
  to   space 27648K, 0% used [0x00000000efd80000,0x00000000efd80000,0x00000000f1880000)
 ParOldGen       total 141824K, used 59940K [0x00000000a0000000, 0x00000000a8a80000, 0x00000000e0000000)
  object space 141824K, 42% used [0x00000000a0000000,0x00000000a3a89158,0x00000000a8a80000)
 Metaspace       used 91646K, capacity 96629K, committed 96856K, reserved 1132544K
  class space    used 12127K, capacity 13093K, committed 13144K, reserved 1048576K
Event: 220.319 GC heap after
Heap after GC invocations=21 (full 3):
 PSYoungGen      total 254464K, used 7514K [0x00000000e0000000, 0x00000000f1580000, 0x0000000100000000)
  eden space 229888K, 0% used [0x00000000e0000000,0x00000000e0000000,0x00000000ee080000)
  from space 24576K, 30% used [0x00000000efd80000,0x00000000f04d6a70,0x00000000f1580000)
  to   space 27136K, 0% used [0x00000000ee080000,0x00000000ee080000,0x00000000efb00000)
 ParOldGen       total 141824K, used 59948K [0x00000000a0000000, 0x00000000a8a80000, 0x00000000e0000000)
  object space 141824K, 42% used [0x00000000a0000000,0x00000000a3a8b158,0x00000000a8a80000)
 Metaspace       used 91646K, capacity 96629K, committed 96856K, reserved 1132544K
  class space    used 12127K, capacity 13093K, committed 13144K, reserved 1048576K
}
Event: 646.565 GC heap before
{Heap before GC invocations=22 (full 3):
 PSYoungGen      total 254464K, used 237402K [0x00000000e0000000, 0x00000000f1580000, 0x0000000100000000)
  eden space 229888K, 100% used [0x00000000e0000000,0x00000000ee080000,0x00000000ee080000)
  from space 24576K, 30% used [0x00000000efd80000,0x00000000f04d6a70,0x00000000f1580000)
  to   space 27136K, 0% used [0x00000000ee080000,0x00000000ee080000,0x00000000efb00000)
 ParOldGen       total 141824K, used 59948K [0x00000000a0000000, 0x00000000a8a80000, 0x00000000e0000000)
  object space 141824K, 42% used [0x00000000a0000000,0x00000000a3a8b158,0x00000000a8a80000)
 Metaspace       used 92813K, capacity 98091K, committed 98264K, reserved 1134592K
  class space    used 12223K, capacity 13214K, committed 13272K, reserved 1048576K
Event: 646.586 GC heap after
Heap after GC invocations=22 (full 3):
 PSYoungGen      total 238080K, used 15816K [0x00000000e0000000, 0x00000000f0e00000, 0x0000000100000000)
  eden space 222208K, 0% used [0x00000000e0000000,0x00000000e0000000,0x00000000ed900000)
  from space 15872K, 99% used [0x00000000ee080000,0x00000000eeff2240,0x00000000ef000000)
  to   space 27136K, 0% used [0x00000000ef380000,0x00000000ef380000,0x00000000f0e00000)
 ParOldGen       total 141824K, used 59956K [0x00000000a0000000, 0x00000000a8a80000, 0x00000000e0000000)
  object space 141824K, 42% used [0x00000000a0000000,0x00000000a3a8d158,0x00000000a8a80000)
 Metaspace       used 92813K, capacity 98091K, committed 98264K, reserved 1134592K
  class space    used 12223K, capacity 13214K, committed 13272K, reserved 1048576K
}
Event: 648.031 GC heap before
{Heap before GC invocations=23 (full 3):
 PSYoungGen      total 238080K, used 174576K [0x00000000e0000000, 0x00000000f0e00000, 0x0000000100000000)
  eden space 222208K, 71% used [0x00000000e0000000,0x00000000e9b0a158,0x00000000ed900000)
  from space 15872K, 99% used [0x00000000ee080000,0x00000000eeff2240,0x00000000ef000000)
  to   space 27136K, 0% used [0x00000000ef380000,0x00000000ef380000,0x00000000f0e00000)
 ParOldGen       total 141824K, used 59956K [0x00000000a0000000, 0x00000000a8a80000, 0x00000000e0000000)
  object space 141824K, 42% used [0x00000000a0000000,0x00000000a3a8d158,0x00000000a8a80000)
 Metaspace       used 93187K, capacity 98477K, committed 98496K, reserved 1134592K
  class space    used 12239K, capacity 13253K, committed 13272K, reserved 1048576K
Event: 648.051 GC heap after
Heap after GC invocations=23 (full 3):
 PSYoungGen      total 231936K, used 11438K [0x00000000e0000000, 0x00000000f0400000, 0x0000000100000000)
  eden space 215040K, 0% used [0x00000000e0000000,0x00000000e0000000,0x00000000ed200000)
  from space 16896K, 67% used [0x00000000ef380000,0x00000000efeab820,0x00000000f0400000)
  to   space 25600K, 0% used [0x00000000ed200000,0x00000000ed200000,0x00000000eeb00000)
 ParOldGen       total 141824K, used 59964K [0x00000000a0000000, 0x00000000a8a80000, 0x00000000e0000000)
  object space 141824K, 42% used [0x00000000a0000000,0x00000000a3a8f158,0x00000000a8a80000)
 Metaspace       used 93187K, capacity 98477K, committed 98496K, reserved 1134592K
  class space    used 12239K, capacity 13253K, committed 13272K, reserved 1048576K
}
Event: 648.051 GC heap before
{Heap before GC invocations=24 (full 4):
 PSYoungGen      total 231936K, used 11438K [0x00000000e0000000, 0x00000000f0400000, 0x0000000100000000)
  eden space 215040K, 0% used [0x00000000e0000000,0x00000000e0000000,0x00000000ed200000)
  from space 16896K, 67% used [0x00000000ef380000,0x00000000efeab820,0x00000000f0400000)
  to   space 25600K, 0% used [0x00000000ed200000,0x00000000ed200000,0x00000000eeb00000)
 ParOldGen       total 141824K, used 59964K [0x00000000a0000000, 0x00000000a8a80000, 0x00000000e0000000)
  object space 141824K, 42% used [0x00000000a0000000,0x00000000a3a8f158,0x00000000a8a80000)
 Metaspace       used 93187K, capacity 98477K, committed 98496K, reserved 1134592K
  class space    used 12239K, capacity 13253K, committed 13272K, reserved 1048576K
Event: 648.220 GC heap after
Heap after GC invocations=24 (full 4):
 PSYoungGen      total 231936K, used 0K [0x00000000e0000000, 0x00000000f0400000, 0x0000000100000000)
  eden space 215040K, 0% used [0x00000000e0000000,0x00000000e0000000,0x00000000ed200000)
  from space 16896K, 0% used [0x00000000ef380000,0x00000000ef380000,0x00000000f0400000)
  to   space 25600K, 0% used [0x00000000ed200000,0x00000000ed200000,0x00000000eeb00000)
 ParOldGen       total 212480K, used 49463K [0x00000000a0000000, 0x00000000acf80000, 0x00000000e0000000)
  object space 212480K, 23% used [0x00000000a0000000,0x00000000a304dc80,0x00000000acf80000)
 Metaspace       used 92558K, capacity 96764K, committed 98496K, reserved 1134592K
  class space    used 12024K, capacity 12875K, committed 13272K, reserved 1048576K
}

