# JRE version: OpenJDK Runtime Environment (8.0_212-b04) (build 1.8.0_212-release-1586-b04)
# Java VM: OpenJDK 64-Bit Server VM (25.212-b04 mixed mode windows-amd64 compressed oops)
Heap:
 PSYoungGen      total 217088K, used 49582K [0x00000000e0000000, 0x00000000efe80000, 0x0000000100000000)
  eden space 182272K, 20% used [0x00000000e0000000,0x00000000e24b43a8,0x00000000eb200000)
  from space 34816K, 34% used [0x00000000eb200000,0x00000000ebdb7838,0x00000000ed400000)
  to   space 33792K, 0% used [0x00000000edd80000,0x00000000edd80000,0x00000000efe80000)
 ParOldGen       total 207360K, used 52036K [0x00000000a0000000, 0x00000000aca80000, 0x00000000e0000000)
  object space 207360K, 25% used [0x00000000a0000000,0x00000000a32d1318,0x00000000aca80000)
 Metaspace       used 94790K, capacity 101064K, committed 101336K, reserved 1136640K
  class space    used 12331K, capacity 13413K, committed 13528K, reserved 1048576K
GC Heap History (10 events):
Event: 2026.954 GC heap before
{Heap before GC invocations=27 (full 4):
 PSYoungGen      total 185856K, used 153600K [0x00000000e0000000, 0x00000000ef000000, 0x0000000100000000)
  eden space 153600K, 100% used [0x00000000e0000000,0x00000000e9600000,0x00000000e9600000)
  from space 32256K, 0% used [0x00000000eb980000,0x00000000eb980000,0x00000000ed900000)
  to   space 36352K, 0% used [0x00000000e9600000,0x00000000e9600000,0x00000000eb980000)
 ParOldGen       total 207360K, used 52004K [0x00000000a0000000, 0x00000000aca80000, 0x00000000e0000000)
  object space 207360K, 25% used [0x00000000a0000000,0x00000000a32c9318,0x00000000aca80000)
 Metaspace       used 93010K, capacity 97882K, committed 99008K, reserved 1134592K
  class space    used 12103K, capacity 12942K, committed 13144K, reserved 1048576K
Event: 2026.977 GC heap after
Heap after GC invocations=27 (full 4):
 PSYoungGen      total 189952K, used 26683K [0x00000000e0000000, 0x00000000ef400000, 0x0000000100000000)
  eden space 153600K, 0% used [0x00000000e0000000,0x00000000e0000000,0x00000000e9600000)
  from space 36352K, 73% used [0x00000000e9600000,0x00000000eb00eda0,0x00000000eb980000)
  to   space 37888K, 0% used [0x00000000ecf00000,0x00000000ecf00000,0x00000000ef400000)
 ParOldGen       total 207360K, used 52012K [0x00000000a0000000, 0x00000000aca80000, 0x00000000e0000000)
  object space 207360K, 25% used [0x00000000a0000000,0x00000000a32cb318,0x00000000aca80000)
 Metaspace       used 93010K, capacity 97882K, committed 99008K, reserved 1134592K
  class space    used 12103K, capacity 12942K, committed 13144K, reserved 1048576K
}
Event: 2029.858 GC heap before
{Heap before GC invocations=28 (full 4):
 PSYoungGen      total 189952K, used 180283K [0x00000000e0000000, 0x00000000ef400000, 0x0000000100000000)
  eden space 153600K, 100% used [0x00000000e0000000,0x00000000e9600000,0x00000000e9600000)
  from space 36352K, 73% used [0x00000000e9600000,0x00000000eb00eda0,0x00000000eb980000)
  to   space 37888K, 0% used [0x00000000ecf00000,0x00000000ecf00000,0x00000000ef400000)
 ParOldGen       total 207360K, used 52012K [0x00000000a0000000, 0x00000000aca80000, 0x00000000e0000000)
  object space 207360K, 25% used [0x00000000a0000000,0x00000000a32cb318,0x00000000aca80000)
 Metaspace       used 93130K, capacity 97970K, committed 99136K, reserved 1134592K
  class space    used 12112K, capacity 12982K, committed 13272K, reserved 1048576K
Event: 2029.871 GC heap after
Heap after GC invocations=28 (full 4):
 PSYoungGen      total 207872K, used 8513K [0x00000000e0000000, 0x00000000ef200000, 0x0000000100000000)
  eden space 172032K, 0% used [0x00000000e0000000,0x00000000e0000000,0x00000000ea800000)
  from space 35840K, 23% used [0x00000000ecf00000,0x00000000ed7504d0,0x00000000ef200000)
  to   space 37888K, 0% used [0x00000000ea800000,0x00000000ea800000,0x00000000ecd00000)
 ParOldGen       total 207360K, used 52012K [0x00000000a0000000, 0x00000000aca80000, 0x00000000e0000000)
  object space 207360K, 25% used [0x00000000a0000000,0x00000000a32cb318,0x00000000aca80000)
 Metaspace       used 93130K, capacity 97970K, committed 99136K, reserved 1134592K
  class space    used 12112K, capacity 12982K, committed 13272K, reserved 1048576K
}
Event: 2245.446 GC heap before
{Heap before GC invocations=29 (full 4):
 PSYoungGen      total 207872K, used 180545K [0x00000000e0000000, 0x00000000ef200000, 0x0000000100000000)
  eden space 172032K, 100% used [0x00000000e0000000,0x00000000ea800000,0x00000000ea800000)
  from space 35840K, 23% used [0x00000000ecf00000,0x00000000ed7504d0,0x00000000ef200000)
  to   space 37888K, 0% used [0x00000000ea800000,0x00000000ea800000,0x00000000ecd00000)
 ParOldGen       total 207360K, used 52012K [0x00000000a0000000, 0x00000000aca80000, 0x00000000e0000000)
  object space 207360K, 25% used [0x00000000a0000000,0x00000000a32cb318,0x00000000aca80000)
 Metaspace       used 93404K, capacity 98356K, committed 99544K, reserved 1136640K
  class space    used 12123K, capacity 13003K, committed 13272K, reserved 1048576K
Event: 2245.457 GC heap after
Heap after GC invocations=29 (full 4):
 PSYoungGen      total 209920K, used 10813K [0x00000000e0000000, 0x00000000efc00000, 0x0000000100000000)
  eden space 172032K, 0% used [0x00000000e0000000,0x00000000e0000000,0x00000000ea800000)
  from space 37888K, 28% used [0x00000000ea800000,0x00000000eb28f698,0x00000000ecd00000)
  to   space 36864K, 0% used [0x00000000ed800000,0x00000000ed800000,0x00000000efc00000)
 ParOldGen       total 207360K, used 52020K [0x00000000a0000000, 0x00000000aca80000, 0x00000000e0000000)
  object space 207360K, 25% used [0x00000000a0000000,0x00000000a32cd318,0x00000000aca80000)
 Metaspace       used 93404K, capacity 98356K, committed 99544K, reserved 1136640K
  class space    used 12123K, capacity 13003K, committed 13272K, reserved 1048576K
}
Event: 2283.946 GC heap before
{Heap before GC invocations=30 (full 4):
 PSYoungGen      total 209920K, used 182845K [0x00000000e0000000, 0x00000000efc00000, 0x0000000100000000)
  eden space 172032K, 100% used [0x00000000e0000000,0x00000000ea800000,0x00000000ea800000)
  from space 37888K, 28% used [0x00000000ea800000,0x00000000eb28f698,0x00000000ecd00000)
  to   space 36864K, 0% used [0x00000000ed800000,0x00000000ed800000,0x00000000efc00000)
 ParOldGen       total 207360K, used 52020K [0x00000000a0000000, 0x00000000aca80000, 0x00000000e0000000)
  object space 207360K, 25% used [0x00000000a0000000,0x00000000a32cd318,0x00000000aca80000)
 Metaspace       used 94374K, capacity 100442K, committed 100696K, reserved 1136640K
  class space    used 12288K, capacity 13334K, committed 13400K, reserved 1048576K
Event: 2283.988 GC heap after
Heap after GC invocations=30 (full 4):
 PSYoungGen      total 212992K, used 15284K [0x00000000e0000000, 0x00000000ef600000, 0x0000000100000000)
  eden space 182272K, 0% used [0x00000000e0000000,0x00000000e0000000,0x00000000eb200000)
  from space 30720K, 49% used [0x00000000ed800000,0x00000000ee6ed108,0x00000000ef600000)
  to   space 34816K, 0% used [0x00000000eb200000,0x00000000eb200000,0x00000000ed400000)
 ParOldGen       total 207360K, used 52028K [0x00000000a0000000, 0x00000000aca80000, 0x00000000e0000000)
  object space 207360K, 25% used [0x00000000a0000000,0x00000000a32cf318,0x00000000aca80000)
 Metaspace       used 94374K, capacity 100442K, committed 100696K, reserved 1136640K
  class space    used 12288K, capacity 13334K, committed 13400K, reserved 1048576K
}
Event: 2286.904 GC heap before
{Heap before GC invocations=31 (full 4):
 PSYoungGen      total 212992K, used 197556K [0x00000000e0000000, 0x00000000ef600000, 0x0000000100000000)
  eden space 182272K, 100% used [0x00000000e0000000,0x00000000eb200000,0x00000000eb200000)
  from space 30720K, 49% used [0x00000000ed800000,0x00000000ee6ed108,0x00000000ef600000)
  to   space 34816K, 0% used [0x00000000eb200000,0x00000000eb200000,0x00000000ed400000)
 ParOldGen       total 207360K, used 52028K [0x00000000a0000000, 0x00000000aca80000, 0x00000000e0000000)
  object space 207360K, 25% used [0x00000000a0000000,0x00000000a32cf318,0x00000000aca80000)
 Metaspace       used 94617K, capacity 100698K, committed 100952K, reserved 1136640K
  class space    used 12298K, capacity 13352K, committed 13400K, reserved 1048576K
Event: 2286.918 GC heap after
Heap after GC invocations=31 (full 4):
 PSYoungGen      total 217088K, used 11998K [0x00000000e0000000, 0x00000000efe80000, 0x0000000100000000)
  eden space 182272K, 0% used [0x00000000e0000000,0x00000000e0000000,0x00000000eb200000)
  from space 34816K, 34% used [0x00000000eb200000,0x00000000ebdb7838,0x00000000ed400000)
  to   space 33792K, 0% used [0x00000000edd80000,0x00000000edd80000,0x00000000efe80000)
 ParOldGen       total 207360K, used 52036K [0x00000000a0000000, 0x00000000aca80000, 0x00000000e0000000)
  object space 207360K, 25% used [0x00000000a0000000,0x00000000a32d1318,0x00000000aca80000)
 Metaspace       used 94617K, capacity 100698K, committed 100952K, reserved 1136640K
  class space    used 12298K, capacity 13352K, committed 13400K, reserved 1048576K
}

