# JRE version: OpenJDK Runtime Environment (8.0_212-b04) (build 1.8.0_212-release-1586-b04)
# Java VM: OpenJDK 64-Bit Server VM (25.212-b04 mixed mode windows-amd64 compressed oops)
Heap:
 PSYoungGen      total 188928K, used 42657K [0x00000000e0000000, 0x00000000efa80000, 0x0000000100000000)
  eden space 169984K, 13% used [0x00000000e0000000,0x00000000e172c1f0,0x00000000ea600000)
  from space 18944K, 99% used [0x00000000ea600000,0x00000000eb87c2f8,0x00000000eb880000)
  to   space 23040K, 0% used [0x00000000ee400000,0x00000000ee400000,0x00000000efa80000)
 ParOldGen       total 134656K, used 34097K [0x00000000a0000000, 0x00000000a8380000, 0x00000000e0000000)
  object space 134656K, 25% used [0x00000000a0000000,0x00000000a214c720,0x00000000a8380000)
 Metaspace       used 63071K, capacity 65974K, committed 66264K, reserved 1105920K
  class space    used 8752K, capacity 9344K, committed 9432K, reserved 1048576K
GC Heap History (10 events):
Event: 4.619 GC heap before
{Heap before GC invocations=12 (full 2):
 PSYoungGen      total 117248K, used 105472K [0x00000000e0000000, 0x00000000ea600000, 0x0000000100000000)
  eden space 105472K, 100% used [0x00000000e0000000,0x00000000e6700000,0x00000000e6700000)
  from space 11776K, 0% used [0x00000000e6700000,0x00000000e6700000,0x00000000e7280000)
  to   space 12288K, 0% used [0x00000000e9a00000,0x00000000e9a00000,0x00000000ea600000)
 ParOldGen       total 92160K, used 16760K [0x00000000a0000000, 0x00000000a5a00000, 0x00000000e0000000)
  object space 92160K, 18% used [0x00000000a0000000,0x00000000a105e2a8,0x00000000a5a00000)
 Metaspace       used 45059K, capacity 46156K, committed 46336K, reserved 1089536K
  class space    used 6054K, capacity 6350K, committed 6400K, reserved 1048576K
Event: 4.630 GC heap after
Heap after GC invocations=12 (full 2):
 PSYoungGen      total 146944K, used 12277K [0x00000000e0000000, 0x00000000ea600000, 0x0000000100000000)
  eden space 134656K, 0% used [0x00000000e0000000,0x00000000e0000000,0x00000000e8380000)
  from space 12288K, 99% used [0x00000000e9a00000,0x00000000ea5fd6c8,0x00000000ea600000)
  to   space 14848K, 0% used [0x00000000e8900000,0x00000000e8900000,0x00000000e9780000)
 ParOldGen       total 92160K, used 19503K [0x00000000a0000000, 0x00000000a5a00000, 0x00000000e0000000)
  object space 92160K, 21% used [0x00000000a0000000,0x00000000a130bc40,0x00000000a5a00000)
 Metaspace       used 45059K, capacity 46156K, committed 46336K, reserved 1089536K
  class space    used 6054K, capacity 6350K, committed 6400K, reserved 1048576K
}
Event: 6.160 GC heap before
{Heap before GC invocations=13 (full 2):
 PSYoungGen      total 146944K, used 146933K [0x00000000e0000000, 0x00000000ea600000, 0x0000000100000000)
  eden space 134656K, 100% used [0x00000000e0000000,0x00000000e8380000,0x00000000e8380000)
  from space 12288K, 99% used [0x00000000e9a00000,0x00000000ea5fd6c8,0x00000000ea600000)
  to   space 14848K, 0% used [0x00000000e8900000,0x00000000e8900000,0x00000000e9780000)
 ParOldGen       total 92160K, used 19503K [0x00000000a0000000, 0x00000000a5a00000, 0x00000000e0000000)
  object space 92160K, 21% used [0x00000000a0000000,0x00000000a130bc40,0x00000000a5a00000)
 Metaspace       used 55850K, capacity 57614K, committed 57856K, reserved 1099776K
  class space    used 7695K, capacity 8116K, committed 8192K, reserved 1048576K
Event: 6.179 GC heap after
Heap after GC invocations=13 (full 2):
 PSYoungGen      total 155136K, used 14825K [0x00000000e0000000, 0x00000000ecb00000, 0x0000000100000000)
  eden space 140288K, 0% used [0x00000000e0000000,0x00000000e0000000,0x00000000e8900000)
  from space 14848K, 99% used [0x00000000e8900000,0x00000000e977a6e0,0x00000000e9780000)
  to   space 18944K, 0% used [0x00000000eb880000,0x00000000eb880000,0x00000000ecb00000)
 ParOldGen       total 92160K, used 25539K [0x00000000a0000000, 0x00000000a5a00000, 0x00000000e0000000)
  object space 92160K, 27% used [0x00000000a0000000,0x00000000a18f0fd8,0x00000000a5a00000)
 Metaspace       used 55850K, capacity 57614K, committed 57856K, reserved 1099776K
  class space    used 7695K, capacity 8116K, committed 8192K, reserved 1048576K
}
Event: 6.380 GC heap before
{Heap before GC invocations=14 (full 2):
 PSYoungGen      total 155136K, used 39917K [0x00000000e0000000, 0x00000000ecb00000, 0x0000000100000000)
  eden space 140288K, 17% used [0x00000000e0000000,0x00000000e18810e0,0x00000000e8900000)
  from space 14848K, 99% used [0x00000000e8900000,0x00000000e977a6e0,0x00000000e9780000)
  to   space 18944K, 0% used [0x00000000eb880000,0x00000000eb880000,0x00000000ecb00000)
 ParOldGen       total 92160K, used 25539K [0x00000000a0000000, 0x00000000a5a00000, 0x00000000e0000000)
  object space 92160K, 27% used [0x00000000a0000000,0x00000000a18f0fd8,0x00000000a5a00000)
 Metaspace       used 57028K, capacity 59010K, committed 59096K, reserved 1099776K
  class space    used 7896K, capacity 8384K, committed 8408K, reserved 1048576K
Event: 6.393 GC heap after
Heap after GC invocations=14 (full 2):
 PSYoungGen      total 188928K, used 3384K [0x00000000e0000000, 0x00000000edd00000, 0x0000000100000000)
  eden space 169984K, 0% used [0x00000000e0000000,0x00000000e0000000,0x00000000ea600000)
  from space 18944K, 17% used [0x00000000eb880000,0x00000000ebbce060,0x00000000ecb00000)
  to   space 18944K, 0% used [0x00000000ea600000,0x00000000ea600000,0x00000000eb880000)
 ParOldGen       total 92160K, used 33048K [0x00000000a0000000, 0x00000000a5a00000, 0x00000000e0000000)
  object space 92160K, 35% used [0x00000000a0000000,0x00000000a2046278,0x00000000a5a00000)
 Metaspace       used 57028K, capacity 59010K, committed 59096K, reserved 1099776K
  class space    used 7896K, capacity 8384K, committed 8408K, reserved 1048576K
}
Event: 6.393 GC heap before
{Heap before GC invocations=15 (full 3):
 PSYoungGen      total 188928K, used 3384K [0x00000000e0000000, 0x00000000edd00000, 0x0000000100000000)
  eden space 169984K, 0% used [0x00000000e0000000,0x00000000e0000000,0x00000000ea600000)
  from space 18944K, 17% used [0x00000000eb880000,0x00000000ebbce060,0x00000000ecb00000)
  to   space 18944K, 0% used [0x00000000ea600000,0x00000000ea600000,0x00000000eb880000)
 ParOldGen       total 92160K, used 33048K [0x00000000a0000000, 0x00000000a5a00000, 0x00000000e0000000)
  object space 92160K, 35% used [0x00000000a0000000,0x00000000a2046278,0x00000000a5a00000)
 Metaspace       used 57028K, capacity 59010K, committed 59096K, reserved 1099776K
  class space    used 7896K, capacity 8384K, committed 8408K, reserved 1048576K
Event: 6.588 GC heap after
Heap after GC invocations=15 (full 3):
 PSYoungGen      total 188928K, used 0K [0x00000000e0000000, 0x00000000edd00000, 0x0000000100000000)
  eden space 169984K, 0% used [0x00000000e0000000,0x00000000e0000000,0x00000000ea600000)
  from space 18944K, 0% used [0x00000000eb880000,0x00000000eb880000,0x00000000ecb00000)
  to   space 18944K, 0% used [0x00000000ea600000,0x00000000ea600000,0x00000000eb880000)
 ParOldGen       total 134656K, used 30536K [0x00000000a0000000, 0x00000000a8380000, 0x00000000e0000000)
  object space 134656K, 22% used [0x00000000a0000000,0x00000000a1dd2360,0x00000000a8380000)
 Metaspace       used 56930K, capacity 58740K, committed 59096K, reserved 1099776K
  class space    used 7868K, capacity 8333K, committed 8408K, reserved 1048576K
}
Event: 7.545 GC heap before
{Heap before GC invocations=16 (full 3):
 PSYoungGen      total 188928K, used 169984K [0x00000000e0000000, 0x00000000edd00000, 0x0000000100000000)
  eden space 169984K, 100% used [0x00000000e0000000,0x00000000ea600000,0x00000000ea600000)
  from space 18944K, 0% used [0x00000000eb880000,0x00000000eb880000,0x00000000ecb00000)
  to   space 18944K, 0% used [0x00000000ea600000,0x00000000ea600000,0x00000000eb880000)
 ParOldGen       total 134656K, used 30536K [0x00000000a0000000, 0x00000000a8380000, 0x00000000e0000000)
  object space 134656K, 22% used [0x00000000a0000000,0x00000000a1dd2360,0x00000000a8380000)
 Metaspace       used 62481K, capacity 65368K, committed 65624K, reserved 1105920K
  class space    used 8675K, capacity 9273K, committed 9304K, reserved 1048576K
Event: 7.562 GC heap after
Heap after GC invocations=16 (full 3):
 PSYoungGen      total 188928K, used 18928K [0x00000000e0000000, 0x00000000efa80000, 0x0000000100000000)
  eden space 169984K, 0% used [0x00000000e0000000,0x00000000e0000000,0x00000000ea600000)
  from space 18944K, 99% used [0x00000000ea600000,0x00000000eb87c2f8,0x00000000eb880000)
  to   space 23040K, 0% used [0x00000000ee400000,0x00000000ee400000,0x00000000efa80000)
 ParOldGen       total 134656K, used 34097K [0x00000000a0000000, 0x00000000a8380000, 0x00000000e0000000)
  object space 134656K, 25% used [0x00000000a0000000,0x00000000a214c720,0x00000000a8380000)
 Metaspace       used 62481K, capacity 65368K, committed 65624K, reserved 1105920K
  class space    used 8675K, capacity 9273K, committed 9304K, reserved 1048576K
}

