# JRE version: OpenJDK Runtime Environment (8.0_212-b04) (build 1.8.0_212-release-1586-b04)
# Java VM: OpenJDK 64-Bit Server VM (25.212-b04 mixed mode windows-amd64 compressed oops)
Heap:
 PSYoungGen      total 198656K, used 37348K [0x00000000e0000000, 0x00000000ee300000, 0x0000000100000000)
  eden space 166912K, 12% used [0x00000000e0000000,0x00000000e141a958,0x00000000ea300000)
  from space 31744K, 52% used [0x00000000ec200000,0x00000000ed25ea18,0x00000000ee100000)
  to   space 31744K, 0% used [0x00000000ea300000,0x00000000ea300000,0x00000000ec200000)
 ParOldGen       total 139776K, used 51506K [0x00000000a0000000, 0x00000000a8880000, 0x00000000e0000000)
  object space 139776K, 36% used [0x00000000a0000000,0x00000000a324c9e8,0x00000000a8880000)
 Metaspace       used 95116K, capacity 101154K, committed 101888K, reserved 1138688K
  class space    used 12288K, capacity 13316K, committed 13568K, reserved 1048576K
GC Heap History (10 events):
Event: 2742.458 GC heap before
{Heap before GC invocations=27 (full 4):
 PSYoungGen      total 179712K, used 19378K [0x00000000e0000000, 0x00000000ee100000, 0x0000000100000000)
  eden space 147968K, 0% used [0x00000000e0000000,0x00000000e0000000,0x00000000e9080000)
  from space 31744K, 61% used [0x00000000e9080000,0x00000000ea36c840,0x00000000eaf80000)
  to   space 31744K, 0% used [0x00000000ec200000,0x00000000ec200000,0x00000000ee100000)
 ParOldGen       total 139776K, used 50733K [0x00000000a0000000, 0x00000000a8880000, 0x00000000e0000000)
  object space 139776K, 36% used [0x00000000a0000000,0x00000000a318b7c8,0x00000000a8880000)
 Metaspace       used 92031K, capacity 98415K, committed 98496K, reserved 1136640K
  class space    used 12036K, capacity 13157K, committed 13184K, reserved 1048576K
Event: 2742.652 GC heap after
Heap after GC invocations=27 (full 4):
 PSYoungGen      total 179712K, used 0K [0x00000000e0000000, 0x00000000ee100000, 0x0000000100000000)
  eden space 147968K, 0% used [0x00000000e0000000,0x00000000e0000000,0x00000000e9080000)
  from space 31744K, 0% used [0x00000000e9080000,0x00000000e9080000,0x00000000eaf80000)
  to   space 31744K, 0% used [0x00000000ec200000,0x00000000ec200000,0x00000000ee100000)
 ParOldGen       total 139776K, used 51474K [0x00000000a0000000, 0x00000000a8880000, 0x00000000e0000000)
  object space 139776K, 36% used [0x00000000a0000000,0x00000000a32449e8,0x00000000a8880000)
 Metaspace       used 91423K, capacity 96874K, committed 98496K, reserved 1136640K
  class space    used 11840K, capacity 12812K, committed 13184K, reserved 1048576K
}
Event: 2743.429 GC heap before
{Heap before GC invocations=28 (full 4):
 PSYoungGen      total 179712K, used 147968K [0x00000000e0000000, 0x00000000ee100000, 0x0000000100000000)
  eden space 147968K, 100% used [0x00000000e0000000,0x00000000e9080000,0x00000000e9080000)
  from space 31744K, 0% used [0x00000000e9080000,0x00000000e9080000,0x00000000eaf80000)
  to   space 31744K, 0% used [0x00000000ec200000,0x00000000ec200000,0x00000000ee100000)
 ParOldGen       total 139776K, used 51474K [0x00000000a0000000, 0x00000000a8880000, 0x00000000e0000000)
  object space 139776K, 36% used [0x00000000a0000000,0x00000000a32449e8,0x00000000a8880000)
 Metaspace       used 94292K, capacity 100252K, committed 100992K, reserved 1138688K
  class space    used 12239K, capacity 13237K, committed 13440K, reserved 1048576K
Event: 2743.439 GC heap after
Heap after GC invocations=28 (full 4):
 PSYoungGen      total 198656K, used 6587K [0x00000000e0000000, 0x00000000ee300000, 0x0000000100000000)
  eden space 166912K, 0% used [0x00000000e0000000,0x00000000e0000000,0x00000000ea300000)
  from space 31744K, 20% used [0x00000000ec200000,0x00000000ec86ef68,0x00000000ee100000)
  to   space 31744K, 0% used [0x00000000ea300000,0x00000000ea300000,0x00000000ec200000)
 ParOldGen       total 139776K, used 51482K [0x00000000a0000000, 0x00000000a8880000, 0x00000000e0000000)
  object space 139776K, 36% used [0x00000000a0000000,0x00000000a32469e8,0x00000000a8880000)
 Metaspace       used 94292K, capacity 100252K, committed 100992K, reserved 1138688K
  class space    used 12239K, capacity 13237K, committed 13440K, reserved 1048576K
}
Event: 2743.875 GC heap before
{Heap before GC invocations=29 (full 4):
 PSYoungGen      total 198656K, used 173499K [0x00000000e0000000, 0x00000000ee300000, 0x0000000100000000)
  eden space 166912K, 100% used [0x00000000e0000000,0x00000000ea300000,0x00000000ea300000)
  from space 31744K, 20% used [0x00000000ec200000,0x00000000ec86ef68,0x00000000ee100000)
  to   space 31744K, 0% used [0x00000000ea300000,0x00000000ea300000,0x00000000ec200000)
 ParOldGen       total 139776K, used 51482K [0x00000000a0000000, 0x00000000a8880000, 0x00000000e0000000)
  object space 139776K, 36% used [0x00000000a0000000,0x00000000a32469e8,0x00000000a8880000)
 Metaspace       used 94455K, capacity 100434K, committed 101376K, reserved 1138688K
  class space    used 12264K, capacity 13274K, committed 13568K, reserved 1048576K
Event: 2743.887 GC heap after
Heap after GC invocations=29 (full 4):
 PSYoungGen      total 198656K, used 14455K [0x00000000e0000000, 0x00000000ee300000, 0x0000000100000000)
  eden space 166912K, 0% used [0x00000000e0000000,0x00000000e0000000,0x00000000ea300000)
  from space 31744K, 45% used [0x00000000ea300000,0x00000000eb11dcd8,0x00000000ec200000)
  to   space 31744K, 0% used [0x00000000ec200000,0x00000000ec200000,0x00000000ee100000)
 ParOldGen       total 139776K, used 51490K [0x00000000a0000000, 0x00000000a8880000, 0x00000000e0000000)
  object space 139776K, 36% used [0x00000000a0000000,0x00000000a32489e8,0x00000000a8880000)
 Metaspace       used 94455K, capacity 100434K, committed 101376K, reserved 1138688K
  class space    used 12264K, capacity 13274K, committed 13568K, reserved 1048576K
}
Event: 2744.262 GC heap before
{Heap before GC invocations=30 (full 4):
 PSYoungGen      total 198656K, used 181367K [0x00000000e0000000, 0x00000000ee300000, 0x0000000100000000)
  eden space 166912K, 100% used [0x00000000e0000000,0x00000000ea300000,0x00000000ea300000)
  from space 31744K, 45% used [0x00000000ea300000,0x00000000eb11dcd8,0x00000000ec200000)
  to   space 31744K, 0% used [0x00000000ec200000,0x00000000ec200000,0x00000000ee100000)
 ParOldGen       total 139776K, used 51490K [0x00000000a0000000, 0x00000000a8880000, 0x00000000e0000000)
  object space 139776K, 36% used [0x00000000a0000000,0x00000000a32489e8,0x00000000a8880000)
 Metaspace       used 94669K, capacity 100666K, committed 101632K, reserved 1138688K
  class space    used 12279K, capacity 13280K, committed 13568K, reserved 1048576K
Event: 2744.288 GC heap after
Heap after GC invocations=30 (full 4):
 PSYoungGen      total 198656K, used 15380K [0x00000000e0000000, 0x00000000ee300000, 0x0000000100000000)
  eden space 166912K, 0% used [0x00000000e0000000,0x00000000e0000000,0x00000000ea300000)
  from space 31744K, 48% used [0x00000000ec200000,0x00000000ed1052d0,0x00000000ee100000)
  to   space 31744K, 0% used [0x00000000ea300000,0x00000000ea300000,0x00000000ec200000)
 ParOldGen       total 139776K, used 51498K [0x00000000a0000000, 0x00000000a8880000, 0x00000000e0000000)
  object space 139776K, 36% used [0x00000000a0000000,0x00000000a324a9e8,0x00000000a8880000)
 Metaspace       used 94669K, capacity 100666K, committed 101632K, reserved 1138688K
  class space    used 12279K, capacity 13280K, committed 13568K, reserved 1048576K
}
Event: 2744.626 GC heap before
{Heap before GC invocations=31 (full 4):
 PSYoungGen      total 198656K, used 182292K [0x00000000e0000000, 0x00000000ee300000, 0x0000000100000000)
  eden space 166912K, 100% used [0x00000000e0000000,0x00000000ea300000,0x00000000ea300000)
  from space 31744K, 48% used [0x00000000ec200000,0x00000000ed1052d0,0x00000000ee100000)
  to   space 31744K, 0% used [0x00000000ea300000,0x00000000ea300000,0x00000000ec200000)
 ParOldGen       total 139776K, used 51498K [0x00000000a0000000, 0x00000000a8880000, 0x00000000e0000000)
  object space 139776K, 36% used [0x00000000a0000000,0x00000000a324a9e8,0x00000000a8880000)
 Metaspace       used 94822K, capacity 100854K, committed 101632K, reserved 1138688K
  class space    used 12287K, capacity 13314K, committed 13568K, reserved 1048576K
Event: 2744.646 GC heap after
Heap after GC invocations=31 (full 4):
 PSYoungGen      total 198656K, used 13813K [0x00000000e0000000, 0x00000000ee300000, 0x0000000100000000)
  eden space 166912K, 0% used [0x00000000e0000000,0x00000000e0000000,0x00000000ea300000)
  from space 31744K, 43% used [0x00000000ea300000,0x00000000eb07d478,0x00000000ec200000)
  to   space 31744K, 0% used [0x00000000ec200000,0x00000000ec200000,0x00000000ee100000)
 ParOldGen       total 139776K, used 51506K [0x00000000a0000000, 0x00000000a8880000, 0x00000000e0000000)
  object space 139776K, 36% used [0x00000000a0000000,0x00000000a324c9e8,0x00000000a8880000)
 Metaspace       used 94822K, capacity 100854K, committed 101632K, reserved 1138688K
  class space    used 12287K, capacity 13314K, committed 13568K, reserved 1048576K
}

