# JRE version: OpenJDK Runtime Environment (8.0_212-b04) (build 1.8.0_212-release-1586-b04)
# Java VM: OpenJDK 64-Bit Server VM (25.212-b04 mixed mode windows-amd64 compressed oops)
Heap:
 PSYoungGen      total 211456K, used 63047K [0x00000000e0000000, 0x00000000f2200000, 0x0000000100000000)
  eden space 182784K, 20% used [0x00000000e0000000,0x00000000e248ad58,0x00000000eb280000)
  from space 28672K, 89% used [0x00000000eb280000,0x00000000ecb871d8,0x00000000ece80000)
  to   space 31744K, 0% used [0x00000000f0300000,0x00000000f0300000,0x00000000f2200000)
 ParOldGen       total 138752K, used 52508K [0x00000000a0000000, 0x00000000a8780000, 0x00000000e0000000)
  object space 138752K, 37% used [0x00000000a0000000,0x00000000a33473d8,0x00000000a8780000)
 Metaspace       used 73151K, capacity 76982K, committed 77272K, reserved 1116160K
  class space    used 10125K, capacity 10876K, committed 10968K, reserved 1048576K
GC Heap History (10 events):
Event: 7.361 GC heap before
{Heap before GC invocations=14 (full 2):
 PSYoungGen      total 147968K, used 39854K [0x00000000e0000000, 0x00000000ec000000, 0x0000000100000000)
  eden space 133120K, 18% used [0x00000000e0000000,0x00000000e1877878,0x00000000e8200000)
  from space 14848K, 99% used [0x00000000e8200000,0x00000000e90740f8,0x00000000e9080000)
  to   space 16384K, 0% used [0x00000000eb000000,0x00000000eb000000,0x00000000ec000000)
 ParOldGen       total 94208K, used 25155K [0x00000000a0000000, 0x00000000a5c00000, 0x00000000e0000000)
  object space 94208K, 26% used [0x00000000a0000000,0x00000000a1890dc0,0x00000000a5c00000)
 Metaspace       used 56941K, capacity 58960K, committed 59096K, reserved 1099776K
  class space    used 7880K, capacity 8321K, committed 8408K, reserved 1048576K
Event: 7.369 GC heap after
Heap after GC invocations=14 (full 2):
 PSYoungGen      total 180224K, used 10755K [0x00000000e0000000, 0x00000000ec680000, 0x0000000100000000)
  eden space 163840K, 0% used [0x00000000e0000000,0x00000000e0000000,0x00000000ea000000)
  from space 16384K, 65% used [0x00000000eb000000,0x00000000eba80ee8,0x00000000ec000000)
  to   space 16384K, 0% used [0x00000000ea000000,0x00000000ea000000,0x00000000eb000000)
 ParOldGen       total 94208K, used 25163K [0x00000000a0000000, 0x00000000a5c00000, 0x00000000e0000000)
  object space 94208K, 26% used [0x00000000a0000000,0x00000000a1892dc0,0x00000000a5c00000)
 Metaspace       used 56941K, capacity 58960K, committed 59096K, reserved 1099776K
  class space    used 7880K, capacity 8321K, committed 8408K, reserved 1048576K
}
Event: 7.369 GC heap before
{Heap before GC invocations=15 (full 3):
 PSYoungGen      total 180224K, used 10755K [0x00000000e0000000, 0x00000000ec680000, 0x0000000100000000)
  eden space 163840K, 0% used [0x00000000e0000000,0x00000000e0000000,0x00000000ea000000)
  from space 16384K, 65% used [0x00000000eb000000,0x00000000eba80ee8,0x00000000ec000000)
  to   space 16384K, 0% used [0x00000000ea000000,0x00000000ea000000,0x00000000eb000000)
 ParOldGen       total 94208K, used 25163K [0x00000000a0000000, 0x00000000a5c00000, 0x00000000e0000000)
  object space 94208K, 26% used [0x00000000a0000000,0x00000000a1892dc0,0x00000000a5c00000)
 Metaspace       used 56941K, capacity 58960K, committed 59096K, reserved 1099776K
  class space    used 7880K, capacity 8321K, committed 8408K, reserved 1048576K
Event: 7.575 GC heap after
Heap after GC invocations=15 (full 3):
 PSYoungGen      total 180224K, used 0K [0x00000000e0000000, 0x00000000ec680000, 0x0000000100000000)
  eden space 163840K, 0% used [0x00000000e0000000,0x00000000e0000000,0x00000000ea000000)
  from space 16384K, 0% used [0x00000000eb000000,0x00000000eb000000,0x00000000ec000000)
  to   space 16384K, 0% used [0x00000000ea000000,0x00000000ea000000,0x00000000eb000000)
 ParOldGen       total 138752K, used 30488K [0x00000000a0000000, 0x00000000a8780000, 0x00000000e0000000)
  object space 138752K, 21% used [0x00000000a0000000,0x00000000a1dc62e8,0x00000000a8780000)
 Metaspace       used 56843K, capacity 58672K, committed 59096K, reserved 1099776K
  class space    used 7850K, capacity 8267K, committed 8408K, reserved 1048576K
}
Event: 9.447 GC heap before
{Heap before GC invocations=16 (full 3):
 PSYoungGen      total 180224K, used 163840K [0x00000000e0000000, 0x00000000ec680000, 0x0000000100000000)
  eden space 163840K, 100% used [0x00000000e0000000,0x00000000ea000000,0x00000000ea000000)
  from space 16384K, 0% used [0x00000000eb000000,0x00000000eb000000,0x00000000ec000000)
  to   space 16384K, 0% used [0x00000000ea000000,0x00000000ea000000,0x00000000eb000000)
 ParOldGen       total 138752K, used 30488K [0x00000000a0000000, 0x00000000a8780000, 0x00000000e0000000)
  object space 138752K, 21% used [0x00000000a0000000,0x00000000a1dc62e8,0x00000000a8780000)
 Metaspace       used 63469K, capacity 66004K, committed 66136K, reserved 1105920K
  class space    used 8724K, capacity 9271K, committed 9304K, reserved 1048576K
Event: 9.460 GC heap after
Heap after GC invocations=16 (full 3):
 PSYoungGen      total 180224K, used 14950K [0x00000000e0000000, 0x00000000ee000000, 0x0000000100000000)
  eden space 163840K, 0% used [0x00000000e0000000,0x00000000e0000000,0x00000000ea000000)
  from space 16384K, 91% used [0x00000000ea000000,0x00000000eae99938,0x00000000eb000000)
  to   space 17920K, 0% used [0x00000000ece80000,0x00000000ece80000,0x00000000ee000000)
 ParOldGen       total 138752K, used 30496K [0x00000000a0000000, 0x00000000a8780000, 0x00000000e0000000)
  object space 138752K, 21% used [0x00000000a0000000,0x00000000a1dc82e8,0x00000000a8780000)
 Metaspace       used 63469K, capacity 66004K, committed 66136K, reserved 1105920K
  class space    used 8724K, capacity 9271K, committed 9304K, reserved 1048576K
}
Event: 10.211 GC heap before
{Heap before GC invocations=17 (full 3):
 PSYoungGen      total 180224K, used 178790K [0x00000000e0000000, 0x00000000ee000000, 0x0000000100000000)
  eden space 163840K, 100% used [0x00000000e0000000,0x00000000ea000000,0x00000000ea000000)
  from space 16384K, 91% used [0x00000000ea000000,0x00000000eae99938,0x00000000eb000000)
  to   space 17920K, 0% used [0x00000000ece80000,0x00000000ece80000,0x00000000ee000000)
 ParOldGen       total 138752K, used 30496K [0x00000000a0000000, 0x00000000a8780000, 0x00000000e0000000)
  object space 138752K, 21% used [0x00000000a0000000,0x00000000a1dc82e8,0x00000000a8780000)
 Metaspace       used 69640K, capacity 72972K, committed 73048K, reserved 1112064K
  class space    used 9594K, capacity 10279K, committed 10328K, reserved 1048576K
Event: 10.249 GC heap after
Heap after GC invocations=17 (full 3):
 PSYoungGen      total 200704K, used 17896K [0x00000000e0000000, 0x00000000eff00000, 0x0000000100000000)
  eden space 182784K, 0% used [0x00000000e0000000,0x00000000e0000000,0x00000000eb280000)
  from space 17920K, 99% used [0x00000000ece80000,0x00000000edffa258,0x00000000ee000000)
  to   space 28672K, 0% used [0x00000000eb280000,0x00000000eb280000,0x00000000ece80000)
 ParOldGen       total 138752K, used 52500K [0x00000000a0000000, 0x00000000a8780000, 0x00000000e0000000)
  object space 138752K, 37% used [0x00000000a0000000,0x00000000a33453d8,0x00000000a8780000)
 Metaspace       used 69640K, capacity 72972K, committed 73048K, reserved 1112064K
  class space    used 9594K, capacity 10279K, committed 10328K, reserved 1048576K
}
Event: 10.913 GC heap before
{Heap before GC invocations=18 (full 3):
 PSYoungGen      total 200704K, used 200680K [0x00000000e0000000, 0x00000000eff00000, 0x0000000100000000)
  eden space 182784K, 100% used [0x00000000e0000000,0x00000000eb280000,0x00000000eb280000)
  from space 17920K, 99% used [0x00000000ece80000,0x00000000edffa258,0x00000000ee000000)
  to   space 28672K, 0% used [0x00000000eb280000,0x00000000eb280000,0x00000000ece80000)
 ParOldGen       total 138752K, used 52500K [0x00000000a0000000, 0x00000000a8780000, 0x00000000e0000000)
  object space 138752K, 37% used [0x00000000a0000000,0x00000000a33453d8,0x00000000a8780000)
 Metaspace       used 73021K, capacity 76802K, committed 76888K, reserved 1116160K
  class space    used 10102K, capacity 10840K, committed 10840K, reserved 1048576K
Event: 10.945 GC heap after
Heap after GC invocations=18 (full 3):
 PSYoungGen      total 211456K, used 25628K [0x00000000e0000000, 0x00000000f2200000, 0x0000000100000000)
  eden space 182784K, 0% used [0x00000000e0000000,0x00000000e0000000,0x00000000eb280000)
  from space 28672K, 89% used [0x00000000eb280000,0x00000000ecb871d8,0x00000000ece80000)
  to   space 31744K, 0% used [0x00000000f0300000,0x00000000f0300000,0x00000000f2200000)
 ParOldGen       total 138752K, used 52508K [0x00000000a0000000, 0x00000000a8780000, 0x00000000e0000000)
  object space 138752K, 37% used [0x00000000a0000000,0x00000000a33473d8,0x00000000a8780000)
 Metaspace       used 73021K, capacity 76802K, committed 76888K, reserved 1116160K
  class space    used 10102K, capacity 10840K, committed 10840K, reserved 1048576K
}

